# JRE version: OpenJDK Runtime Environment (11.0.10) (build 11.0.10+0-b96-7249189)
# Java VM: OpenJDK 64-Bit Server VM (11.0.10+0-b96-7249189, mixed mode, tiered, compressed oops, g1 gc, windows-amd64)
Heap:
 garbage-first heap   total 787456K, used 148028K [0x0000000080000000, 0x0000000100000000)
  region size 1024K, 7 young (7168K), 7 survivors (7168K)
 Metaspace       used 120988K, capacity 124349K, committed 124364K, reserved 1157120K
  class space    used 15062K, capacity 16319K, committed 16332K, reserved 1048576K
GC Heap History (20 events):
Event: 403.665 GC heap after
{Heap after GC invocations=86 (full 0):
 garbage-first heap   total 187392K, used 132770K [0x0000000080000000, 0x0000000100000000)
  region size 1024K, 4 young (4096K), 4 survivors (4096K)
 Metaspace       used 119773K, capacity 122983K, committed 123340K, reserved 1157120K
  class space    used 14935K, capacity 16145K, committed 16332K, reserved 1048576K
}
Event: 403.680 GC heap before
{Heap before GC invocations=86 (full 0):
 garbage-first heap   total 187392K, used 137890K [0x0000000080000000, 0x0000000100000000)
  region size 1024K, 9 young (9216K), 4 survivors (4096K)
 Metaspace       used 119773K, capacity 122983K, committed 123340K, reserved 1157120K
  class space    used 14935K, capacity 16145K, committed 16332K, reserved 1048576K
}
Event: 403.695 GC heap after
{Heap after GC invocations=87 (full 0):
 garbage-first heap   total 187392K, used 129150K [0x0000000080000000, 0x0000000100000000)
  region size 1024K, 1 young (1024K), 1 survivors (1024K)
 Metaspace       used 119773K, capacity 122983K, committed 123340K, reserved 1157120K
  class space    used 14935K, capacity 16145K, committed 16332K, reserved 1048576K
}
Event: 403.781 GC heap before
{Heap before GC invocations=87 (full 0):
 garbage-first heap   total 187392K, used 154750K [0x0000000080000000, 0x0000000100000000)
  region size 1024K, 26 young (26624K), 1 survivors (1024K)
 Metaspace       used 119809K, capacity 123019K, committed 123340K, reserved 1157120K
  class space    used 14942K, capacity 16157K, committed 16332K, reserved 1048576K
}
Event: 403.793 GC heap after
{Heap after GC invocations=88 (full 0):
 garbage-first heap   total 187392K, used 130905K [0x0000000080000000, 0x0000000100000000)
  region size 1024K, 3 young (3072K), 3 survivors (3072K)
 Metaspace       used 119809K, capacity 123019K, committed 123340K, reserved 1157120K
  class space    used 14942K, capacity 16157K, committed 16332K, reserved 1048576K
}
Event: 403.925 GC heap before
{Heap before GC invocations=88 (full 0):
 garbage-first heap   total 187392K, used 154457K [0x0000000080000000, 0x0000000100000000)
  region size 1024K, 27 young (27648K), 3 survivors (3072K)
 Metaspace       used 119948K, capacity 123106K, committed 123340K, reserved 1157120K
  class space    used 14968K, capacity 16165K, committed 16332K, reserved 1048576K
}
Event: 403.935 GC heap after
{Heap after GC invocations=89 (full 0):
 garbage-first heap   total 187392K, used 133295K [0x0000000080000000, 0x0000000100000000)
  region size 1024K, 4 young (4096K), 4 survivors (4096K)
 Metaspace       used 119948K, capacity 123106K, committed 123340K, reserved 1157120K
  class space    used 14968K, capacity 16165K, committed 16332K, reserved 1048576K
}
Event: 404.108 GC heap before
{Heap before GC invocations=90 (full 0):
 garbage-first heap   total 187392K, used 156847K [0x0000000080000000, 0x0000000100000000)
  region size 1024K, 27 young (27648K), 4 survivors (4096K)
 Metaspace       used 120081K, capacity 123293K, committed 123596K, reserved 1157120K
  class space    used 14984K, capacity 16206K, committed 16332K, reserved 1048576K
}
Event: 404.119 GC heap after
{Heap after GC invocations=91 (full 0):
 garbage-first heap   total 187392K, used 135739K [0x0000000080000000, 0x0000000100000000)
  region size 1024K, 3 young (3072K), 3 survivors (3072K)
 Metaspace       used 120081K, capacity 123293K, committed 123596K, reserved 1157120K
  class space    used 14984K, capacity 16206K, committed 16332K, reserved 1048576K
}
Event: 404.137 GC heap before
{Heap before GC invocations=91 (full 0):
 garbage-first heap   total 187392K, used 141883K [0x0000000080000000, 0x0000000100000000)
  region size 1024K, 9 young (9216K), 3 survivors (3072K)
 Metaspace       used 120082K, capacity 123293K, committed 123596K, reserved 1157120K
  class space    used 14984K, capacity 16206K, committed 16332K, reserved 1048576K
}
Event: 404.151 GC heap after
{Heap after GC invocations=92 (full 0):
 garbage-first heap   total 187392K, used 132121K [0x0000000080000000, 0x0000000100000000)
  region size 1024K, 1 young (1024K), 1 survivors (1024K)
 Metaspace       used 120082K, capacity 123293K, committed 123596K, reserved 1157120K
  class space    used 14984K, capacity 16206K, committed 16332K, reserved 1048576K
}
Event: 404.230 GC heap before
{Heap before GC invocations=92 (full 0):
 garbage-first heap   total 187392K, used 156697K [0x0000000080000000, 0x0000000100000000)
  region size 1024K, 25 young (25600K), 1 survivors (1024K)
 Metaspace       used 120087K, capacity 123297K, committed 123596K, reserved 1157120K
  class space    used 14985K, capacity 16207K, committed 16332K, reserved 1048576K
}
Event: 404.248 GC heap after
{Heap after GC invocations=93 (full 0):
 garbage-first heap   total 374784K, used 135390K [0x0000000080000000, 0x0000000100000000)
  region size 1024K, 4 young (4096K), 4 survivors (4096K)
 Metaspace       used 120087K, capacity 123297K, committed 123596K, reserved 1157120K
  class space    used 14985K, capacity 16207K, committed 16332K, reserved 1048576K
}
Event: 404.773 GC heap before
{Heap before GC invocations=94 (full 0):
 garbage-first heap   total 374784K, used 232670K [0x0000000080000000, 0x0000000100000000)
  region size 1024K, 100 young (102400K), 4 survivors (4096K)
 Metaspace       used 120231K, capacity 123464K, committed 123596K, reserved 1157120K
  class space    used 14995K, capacity 16218K, committed 16332K, reserved 1048576K
}
Event: 404.804 GC heap after
{Heap after GC invocations=95 (full 0):
 garbage-first heap   total 374784K, used 142011K [0x0000000080000000, 0x0000000100000000)
  region size 1024K, 11 young (11264K), 11 survivors (11264K)
 Metaspace       used 120231K, capacity 123464K, committed 123596K, reserved 1157120K
  class space    used 14995K, capacity 16218K, committed 16332K, reserved 1048576K
}
Event: 405.225 GC heap before
{Heap before GC invocations=95 (full 0):
 garbage-first heap   total 374784K, used 248507K [0x0000000080000000, 0x0000000100000000)
  region size 1024K, 115 young (117760K), 11 survivors (11264K)
 Metaspace       used 120336K, capacity 123546K, committed 123852K, reserved 1157120K
  class space    used 15000K, capacity 16224K, committed 16332K, reserved 1048576K
}
Event: 405.271 GC heap after
{Heap after GC invocations=96 (full 0):
 garbage-first heap   total 374784K, used 146653K [0x0000000080000000, 0x0000000100000000)
  region size 1024K, 12 young (12288K), 12 survivors (12288K)
 Metaspace       used 120336K, capacity 123546K, committed 123852K, reserved 1157120K
  class space    used 15000K, capacity 16224K, committed 16332K, reserved 1048576K
}
Event: 405.771 GC heap before
{Heap before GC invocations=97 (full 0):
 garbage-first heap   total 374784K, used 265437K [0x0000000080000000, 0x0000000100000000)
  region size 1024K, 129 young (132096K), 12 survivors (12288K)
 Metaspace       used 120677K, capacity 123968K, committed 124108K, reserved 1157120K
  class space    used 15008K, capacity 16234K, committed 16332K, reserved 1048576K
}
Event: 405.792 GC heap after
{Heap after GC invocations=98 (full 0):
 garbage-first heap   total 374784K, used 148341K [0x0000000080000000, 0x0000000100000000)
  region size 1024K, 7 young (7168K), 7 survivors (7168K)
 Metaspace       used 120677K, capacity 123968K, committed 124108K, reserved 1157120K
  class space    used 15008K, capacity 16234K, committed 16332K, reserved 1048576K
}
Event: 406.142 GC heap before
{Heap before GC invocations=98 (full 0):
 garbage-first heap   total 374784K, used 281461K [0x0000000080000000, 0x0000000100000000)
  region size 1024K, 138 young (141312K), 7 survivors (7168K)
 Metaspace       used 120988K, capacity 124349K, committed 124364K, reserved 1157120K
  class space    used 15062K, capacity 16319K, committed 16332K, reserved 1048576K
}

